<?xml version="1.0" encoding="UTF-8"?>
<!-- Generated by org.testng.reporters.JUnitReportReporter -->
<testsuite hostname="IN-45M7YX3" failures="0" tests="1" name="Selenium.Main" time="11.114" errors="0" timestamp="2024-04-21T19:55:21 IST" skipped="0">
  <testcase classname="Selenium.Main" name="submitOrder" time="11.114"/>
</testsuite> <!-- Selenium.Main -->
