<?xml version="1.0" encoding="UTF-8"?>
<!-- Generated by org.testng.reporters.JUnitReportReporter -->
<testsuite hostname="IN-45M7YX3" failures="0" tests="2" name="Selenium.submitOrderTest" time="27.066" errors="0" timestamp="2024-05-18T03:12:17 IST" skipped="0">
  <testcase classname="Selenium.submitOrderTest" name="orderHistoryTest" time="7.107"/>
  <testcase classname="Selenium.submitOrderTest" name="submitOrder" time="19.959"/>
</testsuite> <!-- Selenium.submitOrderTest -->
