<?xml version="1.0" encoding="UTF-8"?>
<!-- Generated by org.testng.reporters.JUnitReportReporter -->
<testsuite hostname="IN-45M7YX3" failures="0" tests="2" name="Selenium.submitOrderTest" time="12.107" errors="0" timestamp="2024-05-22T14:10:35 IST" skipped="0">
  <testcase classname="Selenium.submitOrderTest" name="submitOrder" time="6.262"/>
  <testcase classname="Selenium.submitOrderTest" name="orderHistoryTest" time="5.845"/>
</testsuite> <!-- Selenium.submitOrderTest -->
